{"level":"info","message":"Server running on port 5000","service":"personal-finance-backend"}
{"level":"info","message":"Connected to MongoDB","service":"personal-finance-backend"}
{"level":"info","message":"Server running on port 5000","service":"personal-finance-backend"}
{"level":"info","message":"Connected to MongoDB","service":"personal-finance-backend"}
{"level":"info","message":"Server running on port 5000","service":"personal-finance-backend"}
{"level":"info","message":"Connected to MongoDB","service":"personal-finance-backend"}
{"level":"info","message":"Server running on port 5000","service":"personal-finance-backend"}
{"level":"info","message":"Connected to MongoDB","service":"personal-finance-backend"}
{"level":"info","message":"Server running on port 5000","service":"personal-finance-backend"}
{"level":"info","message":"Connected to MongoDB","service":"personal-finance-backend"}
{"level":"info","message":"Server running on port 5000","service":"personal-finance-backend"}
{"level":"info","message":"Connected to MongoDB","service":"personal-finance-backend"}
{"level":"info","message":"Server running on port 5000","service":"personal-finance-backend"}
{"level":"info","message":"Connected to MongoDB","service":"personal-finance-backend"}
{"level":"info","message":"Server running on port 5001","service":"personal-finance-backend"}
{"level":"info","message":"Connected to MongoDB","service":"personal-finance-backend"}
{"level":"info","message":"Server running on port 5001","service":"personal-finance-backend"}
{"level":"info","message":"Connected to MongoDB","service":"personal-finance-backend"}
{"level":"info","message":"Server running on port 5001","service":"personal-finance-backend"}
{"level":"info","message":"Connected to MongoDB","service":"personal-finance-backend"}
{"level":"info","message":"Server running on port 3001","service":"personal-finance-backend"}
{"level":"info","message":"Connected to MongoDB","service":"personal-finance-backend"}
{"level":"info","message":"Server running on port 3001","service":"personal-finance-backend"}
{"level":"info","message":"Connected to MongoDB","service":"personal-finance-backend"}
{"level":"info","message":"Server running on port 3001","service":"personal-finance-backend"}
{"level":"info","message":"Connected to MongoDB","service":"personal-finance-backend"}
{"level":"info","message":"Server running on port 3001","service":"personal-finance-backend"}
{"level":"info","message":"Connected to MongoDB","service":"personal-finance-backend"}
{"level":"info","message":"Server running on port 3001","service":"personal-finance-backend"}
{"level":"info","message":"Connected to MongoDB","service":"personal-finance-backend"}
{"level":"info","message":"Server running on port 3001","service":"personal-finance-backend"}
{"level":"info","message":"Connected to MongoDB","service":"personal-finance-backend"}
{"level":"info","message":"Server running on port 3001","service":"personal-finance-backend"}
{"level":"info","message":"Connected to MongoDB","service":"personal-finance-backend"}
{"level":"info","message":"Server running on port 3001","service":"personal-finance-backend"}
{"level":"info","message":"Connected to MongoDB","service":"personal-finance-backend"}
{"level":"info","message":"Server running on port 3001","service":"personal-finance-backend"}
{"level":"info","message":"Connected to MongoDB","service":"personal-finance-backend"}
{"level":"info","message":"Server running on port 3001","service":"personal-finance-backend"}
{"level":"info","message":"Connected to MongoDB","service":"personal-finance-backend"}
{"level":"info","message":"Server running on port 3001","service":"personal-finance-backend"}
{"level":"info","message":"Connected to MongoDB","service":"personal-finance-backend"}
{"level":"info","message":"Server running on port 3002","service":"personal-finance-backend"}
{"level":"info","message":"Connected to MongoDB","service":"personal-finance-backend"}
{"level":"info","message":"Server running on port 3002","service":"personal-finance-backend"}
{"level":"info","message":"Connected to MongoDB","service":"personal-finance-backend"}
{"level":"info","message":"Server running on port 3001","service":"personal-finance-backend"}
{"level":"info","message":"Connected to MongoDB","service":"personal-finance-backend"}
{"level":"info","message":"Server running on port 3001","service":"personal-finance-backend"}
{"level":"info","message":"Connected to MongoDB","service":"personal-finance-backend"}
{"level":"info","message":"Server running on port 3001","service":"personal-finance-backend"}
{"level":"info","message":"Connected to MongoDB","service":"personal-finance-backend"}
{"level":"info","message":"Server running on port 3001","service":"personal-finance-backend"}
{"level":"info","message":"Connected to MongoDB","service":"personal-finance-backend"}
{"level":"info","message":"Server running on port 3001","service":"personal-finance-backend"}
{"level":"info","message":"Connected to MongoDB","service":"personal-finance-backend"}
{"level":"info","message":"Server running on port 3001","service":"personal-finance-backend"}
{"level":"info","message":"Connected to MongoDB","service":"personal-finance-backend"}
{"level":"info","message":"Server running on port 3001","service":"personal-finance-backend"}
{"level":"info","message":"Connected to MongoDB","service":"personal-finance-backend"}
{"level":"info","message":"Server running on port 3001","service":"personal-finance-backend"}
{"level":"info","message":"Connected to MongoDB","service":"personal-finance-backend"}
{"level":"info","message":"Server running on port 3001","service":"personal-finance-backend"}
{"level":"info","message":"Connected to MongoDB","service":"personal-finance-backend"}
{"level":"info","message":"Server running on port 3002","service":"personal-finance-backend"}
{"level":"info","message":"Connected to MongoDB","service":"personal-finance-backend"}
{"level":"info","message":"Server running on port 3001","service":"personal-finance-backend"}
{"level":"info","message":"Connected to MongoDB","service":"personal-finance-backend"}
{"level":"info","message":"Server running on port 3001","service":"personal-finance-backend"}
{"level":"info","message":"Connected to MongoDB","service":"personal-finance-backend"}
{"level":"info","message":"Server running on port 3001","service":"personal-finance-backend"}
{"level":"info","message":"Connected to MongoDB","service":"personal-finance-backend"}
{"level":"info","message":"Server running on port 3001","service":"personal-finance-backend"}
{"level":"info","message":"Connected to MongoDB","service":"personal-finance-backend"}
{"level":"info","message":"Server running on port 3001","service":"personal-finance-backend"}
{"level":"info","message":"Connected to MongoDB","service":"personal-finance-backend"}
{"level":"info","message":"Server running on port 3001","service":"personal-finance-backend"}
{"level":"info","message":"Connected to MongoDB","service":"personal-finance-backend"}
{"level":"info","message":"Server running on port 5001","service":"personal-finance-backend"}
{"level":"info","message":"Connected to MongoDB","service":"personal-finance-backend"}
{"level":"info","message":"Server running on port 5001","service":"personal-finance-backend"}
{"level":"info","message":"Connected to MongoDB","service":"personal-finance-backend"}
{"level":"info","message":"Server running on port 5001","service":"personal-finance-backend"}
{"level":"info","message":"Connected to MongoDB","service":"personal-finance-backend"}
{"level":"info","message":"Server running on port 5001","service":"personal-finance-backend"}
{"level":"info","message":"Connected to MongoDB","service":"personal-finance-backend"}
{"level":"info","message":"Server running on port 5001","service":"personal-finance-backend"}
{"level":"info","message":"Connected to MongoDB","service":"personal-finance-backend"}
{"level":"info","message":"Server running on port 5001","service":"personal-finance-backend"}
{"level":"info","message":"Connected to MongoDB","service":"personal-finance-backend"}
{"level":"info","message":"Server running on port 5001","service":"personal-finance-backend"}
{"level":"info","message":"Connected to MongoDB","service":"personal-finance-backend"}
{"level":"info","message":"Server running on port 5001","service":"personal-finance-backend"}
{"level":"info","message":"Connected to MongoDB","service":"personal-finance-backend"}
{"level":"info","message":"Server running on port 5001","service":"personal-finance-backend"}
{"level":"info","message":"Connected to MongoDB","service":"personal-finance-backend"}
{"level":"info","message":"Server running on port 5001","service":"personal-finance-backend"}
{"level":"info","message":"Connected to MongoDB","service":"personal-finance-backend"}
{"level":"info","message":"Server running on port 5001","service":"personal-finance-backend"}
{"level":"info","message":"Connected to MongoDB","service":"personal-finance-backend"}
{"level":"info","message":"Server running on port 5001","service":"personal-finance-backend"}
{"level":"info","message":"Connected to MongoDB","service":"personal-finance-backend"}
{"level":"info","message":"Server running on port 5001","service":"personal-finance-backend"}
{"level":"info","message":"Connected to MongoDB","service":"personal-finance-backend"}
{"level":"info","message":"Server running on port 5001","service":"personal-finance-backend"}
{"level":"info","message":"Connected to MongoDB","service":"personal-finance-backend"}
{"level":"info","message":"Server running on port 5001","service":"personal-finance-backend"}
{"level":"info","message":"Connected to MongoDB","service":"personal-finance-backend"}
{"level":"info","message":"Server running on port 5001","service":"personal-finance-backend"}
{"level":"info","message":"Connected to MongoDB","service":"personal-finance-backend"}
{"level":"info","message":"Server running on port 5001","service":"personal-finance-backend"}
{"level":"info","message":"Connected to MongoDB","service":"personal-finance-backend"}
{"level":"info","message":"Server running on port 5001","service":"personal-finance-backend"}
{"level":"info","message":"Connected to MongoDB","service":"personal-finance-backend"}
{"level":"info","message":"Server running on port 5001","service":"personal-finance-backend"}
{"level":"info","message":"Connected to MongoDB","service":"personal-finance-backend"}
{"level":"info","message":"Server running on port 5001","service":"personal-finance-backend"}
{"level":"info","message":"Connected to MongoDB","service":"personal-finance-backend"}
{"level":"info","message":"Server running on port 5001","service":"personal-finance-backend"}
{"level":"info","message":"Connected to MongoDB","service":"personal-finance-backend"}
{"level":"info","message":"Server running on port 5001","service":"personal-finance-backend"}
{"level":"info","message":"Connected to MongoDB","service":"personal-finance-backend"}
{"level":"info","message":"Server running on port 5001","service":"personal-finance-backend"}
{"level":"info","message":"Connected to MongoDB","service":"personal-finance-backend"}
{"level":"info","message":"Server running on port 5000","service":"personal-finance-backend"}
{"level":"info","message":"Connected to MongoDB","service":"personal-finance-backend"}
{"level":"info","message":"Server running on port 5000","service":"personal-finance-backend"}
{"level":"info","message":"Connected to MongoDB","service":"personal-finance-backend"}
{"level":"info","message":"Server running on port 5000","service":"personal-finance-backend"}
{"level":"info","message":"Connected to MongoDB","service":"personal-finance-backend"}
{"level":"info","message":"Server running on port 5000","service":"personal-finance-backend"}
{"level":"info","message":"Connected to MongoDB","service":"personal-finance-backend"}
{"level":"info","message":"Server running on port 5000","service":"personal-finance-backend"}
{"level":"info","message":"Connected to MongoDB","service":"personal-finance-backend"}
{"level":"info","message":"Server running on port 5000","service":"personal-finance-backend"}
{"level":"info","message":"Connected to MongoDB","service":"personal-finance-backend"}
{"level":"info","message":"Server running on port 5000","service":"personal-finance-backend"}
{"level":"info","message":"Connected to MongoDB","service":"personal-finance-backend"}
{"level":"info","message":"Server running on port 5000","service":"personal-finance-backend"}
{"level":"info","message":"Connected to MongoDB","service":"personal-finance-backend"}
{"level":"info","message":"Server running on port 5000","service":"personal-finance-backend"}
{"level":"info","message":"Connected to MongoDB","service":"personal-finance-backend"}
{"level":"info","message":"Server running on port 5000","service":"personal-finance-backend"}
{"level":"info","message":"Connected to MongoDB","service":"personal-finance-backend"}
{"level":"info","message":"Server running on port 5000","service":"personal-finance-backend"}
{"level":"info","message":"Connected to MongoDB","service":"personal-finance-backend"}
{"level":"info","message":"Server running on port 5000","service":"personal-finance-backend"}
{"level":"info","message":"Connected to MongoDB","service":"personal-finance-backend"}
{"level":"info","message":"Server running on port 5000","service":"personal-finance-backend"}
{"level":"info","message":"Connected to MongoDB","service":"personal-finance-backend"}
{"level":"info","message":"Server running on port 5000","service":"personal-finance-backend"}
{"level":"info","message":"Connected to MongoDB","service":"personal-finance-backend"}
{"level":"info","message":"Server running on port 5000","service":"personal-finance-backend"}
{"level":"info","message":"Connected to MongoDB","service":"personal-finance-backend"}
{"level":"info","message":"Server running on port 5000","service":"personal-finance-backend"}
{"level":"info","message":"Connected to MongoDB","service":"personal-finance-backend"}
{"level":"info","message":"Server running on port 5000","service":"personal-finance-backend"}
{"level":"info","message":"Connected to MongoDB","service":"personal-finance-backend"}
{"level":"info","message":"Server running on port 5000","service":"personal-finance-backend"}
{"level":"info","message":"Connected to MongoDB","service":"personal-finance-backend"}
{"level":"info","message":"Server running on port 5000","service":"personal-finance-backend"}
{"level":"info","message":"Connected to MongoDB","service":"personal-finance-backend"}
{"level":"info","message":"Server running on port 5000","service":"personal-finance-backend"}
{"level":"info","message":"Connected to MongoDB","service":"personal-finance-backend"}
{"level":"info","message":"Server running on port 5000","service":"personal-finance-backend"}
{"level":"info","message":"Connected to MongoDB","service":"personal-finance-backend"}
{"level":"info","message":"Server running on port 5000","service":"personal-finance-backend"}
{"level":"info","message":"Connected to MongoDB","service":"personal-finance-backend"}
{"level":"info","message":"Server running on port 5000","service":"personal-finance-backend"}
{"level":"info","message":"Connected to MongoDB","service":"personal-finance-backend"}
{"level":"info","message":"Server running on port 5000","service":"personal-finance-backend"}
{"level":"info","message":"Connected to MongoDB","service":"personal-finance-backend"}
{"level":"info","message":"Server running on port 5000","service":"personal-finance-backend"}
{"level":"info","message":"Connected to MongoDB","service":"personal-finance-backend"}
{"level":"info","message":"Server running on port 5000","service":"personal-finance-backend"}
{"level":"info","message":"Connected to MongoDB","service":"personal-finance-backend"}
{"level":"info","message":"Server running on port 5000","service":"personal-finance-backend"}
{"level":"info","message":"Connected to MongoDB","service":"personal-finance-backend"}
{"level":"info","message":"Server running on port 5000","service":"personal-finance-backend"}
{"level":"info","message":"Connected to MongoDB","service":"personal-finance-backend"}
{"level":"info","message":"Server running on port 5000","service":"personal-finance-backend"}
{"level":"info","message":"Connected to MongoDB","service":"personal-finance-backend"}
{"level":"info","message":"Server running on port 5000","service":"personal-finance-backend"}
{"level":"info","message":"Connected to MongoDB","service":"personal-finance-backend"}
{"level":"info","message":"Server running on port 5000","service":"personal-finance-backend"}
{"level":"info","message":"Connected to MongoDB","service":"personal-finance-backend"}
{"level":"info","message":"Server running on port 5000","service":"personal-finance-backend"}
{"level":"info","message":"Connected to MongoDB","service":"personal-finance-backend"}
{"level":"info","message":"Server running on port 5000","service":"personal-finance-backend"}
{"level":"info","message":"Connected to MongoDB","service":"personal-finance-backend"}
{"level":"info","message":"Server running on port 5000","service":"personal-finance-backend"}
{"level":"info","message":"Connected to MongoDB","service":"personal-finance-backend"}
{"level":"info","message":"Server running on port 5000","service":"personal-finance-backend"}
{"level":"info","message":"Connected to MongoDB","service":"personal-finance-backend"}
{"level":"info","message":"Server running on port 5000","service":"personal-finance-backend"}
{"level":"info","message":"Connected to MongoDB","service":"personal-finance-backend"}
{"level":"info","message":"Server running on port 5000","service":"personal-finance-backend"}
{"level":"info","message":"Connected to MongoDB","service":"personal-finance-backend"}
{"level":"info","message":"Server running on port 5000","service":"personal-finance-backend"}
{"level":"info","message":"Connected to MongoDB","service":"personal-finance-backend"}
{"level":"info","message":"Server running on port 5000","service":"personal-finance-backend"}
{"level":"info","message":"Connected to MongoDB","service":"personal-finance-backend"}
{"level":"info","message":"Server running on port 5000","service":"personal-finance-backend"}
{"level":"info","message":"Connected to MongoDB","service":"personal-finance-backend"}
{"level":"info","message":"Server running on port 5000","service":"personal-finance-backend"}
{"level":"info","message":"Connected to MongoDB","service":"personal-finance-backend"}
{"level":"info","message":"Server running on port 5000","service":"personal-finance-backend"}
{"level":"info","message":"Connected to MongoDB","service":"personal-finance-backend"}
{"level":"info","message":"Exporting broadcast function and WebSocket server","service":"personal-finance-backend"}
{"level":"info","message":"broadcast function type:","service":"personal-finance-backend"}
{"level":"info","message":"Module exports completed","service":"personal-finance-backend"}
{"level":"info","message":"Server running on port 5000","service":"personal-finance-backend"}
{"level":"info","message":"Connected to MongoDB","service":"personal-finance-backend"}
{"level":"info","message":"Exporting broadcast function and WebSocket server","service":"personal-finance-backend"}
{"level":"info","message":"broadcast function type:","service":"personal-finance-backend"}
{"level":"info","message":"Module exports completed","service":"personal-finance-backend"}
{"level":"info","message":"Server running on port 5000","service":"personal-finance-backend"}
{"level":"info","message":"Connected to MongoDB","service":"personal-finance-backend"}
{"level":"info","message":"Exporting broadcast function and WebSocket server","service":"personal-finance-backend"}
{"level":"info","message":"broadcast function type:","service":"personal-finance-backend"}
{"level":"info","message":"Module exports completed","service":"personal-finance-backend"}
{"level":"info","message":"Server running on port 5000","service":"personal-finance-backend"}
{"level":"info","message":"Connected to MongoDB","service":"personal-finance-backend"}
{"level":"info","message":"Exporting broadcast function and WebSocket server","service":"personal-finance-backend"}
{"level":"info","message":"broadcast function type:","service":"personal-finance-backend"}
{"level":"info","message":"Module exports completed","service":"personal-finance-backend"}
{"level":"info","message":"Server running on port 5000","service":"personal-finance-backend"}
{"level":"info","message":"Connected to MongoDB","service":"personal-finance-backend"}
{"level":"info","message":"Exporting broadcast function and WebSocket server","service":"personal-finance-backend"}
{"level":"info","message":"broadcast function type:","service":"personal-finance-backend"}
{"level":"info","message":"Module exports completed","service":"personal-finance-backend"}
{"level":"info","message":"Server running on port 5000","service":"personal-finance-backend"}
{"level":"info","message":"Connected to MongoDB","service":"personal-finance-backend"}
{"level":"info","message":"WebSocket server initialized","service":"personal-finance-backend","timestamp":"2024-09-06T23:49:56.953Z"}
{"level":"info","message":"Connected to MongoDB","service":"personal-finance-backend","timestamp":"2024-09-06T23:49:57.143Z"}
{"level":"info","message":"Server running on port 5000","service":"personal-finance-backend","timestamp":"2024-09-06T23:49:57.144Z"}
{"level":"info","message":"About to broadcast new transaction","service":"personal-finance-backend","timestamp":"2024-09-06T23:50:05.168Z"}
{"level":"info","message":"Entering broadcast function","service":"personal-finance-backend","timestamp":"2024-09-06T23:50:05.169Z"}
{"0":"{","1":"\"","10":"e","100":":","101":"0","102":"0","103":".","104":"0","105":"0","106":"0","107":"Z","108":"\"","109":",","11":"w","110":"\"","111":"t","112":"y","113":"p","114":"e","115":"\"","116":":","117":"\"","118":"e","119":"x","12":"T","120":"p","121":"e","122":"n","123":"s","124":"e","125":"\"","126":",","127":"\"","128":"c","129":"a","13":"r","130":"t","131":"e","132":"g","133":"o","134":"r","135":"y","136":"\"","137":":","138":"\"","139":"F","14":"a","140":"o","141":"o","142":"d","143":"\"","144":",","145":"\"","146":"a","147":"m","148":"o","149":"u","15":"n","150":"n","151":"t","152":"\"","153":":","154":"1","155":"2","156":"3","157":",","158":"\"","159":"i","16":"s","160":"s","161":"P","162":"a","163":"i","164":"d","165":"\"","166":":","167":"n","168":"u","169":"l","17":"a","170":"l","171":",","172":"\"","173":"d","174":"u","175":"e","176":"D","177":"a","178":"t","179":"e","18":"c","180":"\"","181":":","182":"n","183":"u","184":"l","185":"l","186":",","187":"\"","188":"_","189":"i","19":"t","190":"d","191":"\"","192":":","193":"\"","194":"6","195":"6","196":"d","197":"b","198":"9","199":"5","2":"t","20":"i","200":"2","201":"d","202":"9","203":"b","204":"3","205":"1","206":"6","207":"0","208":"f","209":"5","21":"o","210":"4","211":"b","212":"b","213":"0","214":"2","215":"b","216":"f","217":"7","218":"\"","219":",","22":"n","220":"\"","221":"c","222":"r","223":"e","224":"a","225":"t","226":"e","227":"d","228":"A","229":"t","23":"\"","230":"\"","231":":","232":"\"","233":"2","234":"0","235":"2","236":"4","237":"-","238":"0","239":"9","24":",","240":"-","241":"0","242":"6","243":"T","244":"2","245":"3","246":":","247":"5","248":"0","249":":","25":"\"","250":"0","251":"5","252":".","253":"1","254":"6","255":"1","256":"Z","257":"\"","258":",","259":"\"","26":"t","260":"_","261":"_","262":"v","263":"\"","264":":","265":"0","266":"}","267":"}","27":"r","28":"a","29":"n","3":"y","30":"s","31":"a","32":"c","33":"t","34":"i","35":"o","36":"n","37":"\"","38":":","39":"{","4":"p","40":"\"","41":"u","42":"s","43":"e","44":"r","45":"I","46":"d","47":"\"","48":":","49":"\"","5":"e","50":"6","51":"6","52":"d","53":"b","54":"4","55":"c","56":"d","57":"6","58":"2","59":"2","6":"\"","60":"3","61":"7","62":"6","63":"e","64":"5","65":"f","66":"e","67":"2","68":"2","69":"9","7":":","70":"4","71":"c","72":"d","73":"8","74":"\"","75":",","76":"\"","77":"d","78":"a","79":"t","8":"\"","80":"e","81":"\"","82":":","83":"\"","84":"2","85":"0","86":"2","87":"4","88":"-","89":"0","9":"n","90":"9","91":"-","92":"0","93":"7","94":"T","95":"0","96":"0","97":":","98":"0","99":"0","level":"info","message":"Broadcasting data:","service":"personal-finance-backend","timestamp":"2024-09-06T23:50:05.169Z"}
{"level":"info","message":"Number of WebSocket clients:","service":"personal-finance-backend","timestamp":"2024-09-06T23:50:05.171Z"}
{"level":"info","message":"Exiting broadcast function","service":"personal-finance-backend","timestamp":"2024-09-06T23:50:05.172Z"}
{"level":"info","message":"Broadcast completed","service":"personal-finance-backend","timestamp":"2024-09-06T23:50:05.172Z"}
{"level":"info","message":"About to broadcast deleted transaction","service":"personal-finance-backend","timestamp":"2024-09-06T23:50:15.240Z"}
{"level":"info","message":"Entering broadcast function","service":"personal-finance-backend","timestamp":"2024-09-06T23:50:15.240Z"}
{"0":"{","1":"\"","10":"e","11":"l","12":"e","13":"t","14":"e","15":"T","16":"r","17":"a","18":"n","19":"s","2":"t","20":"a","21":"c","22":"t","23":"i","24":"o","25":"n","26":"\"","27":",","28":"\"","29":"t","3":"y","30":"r","31":"a","32":"n","33":"s","34":"a","35":"c","36":"t","37":"i","38":"o","39":"n","4":"p","40":"I","41":"d","42":"\"","43":":","44":"\"","45":"6","46":"6","47":"d","48":"b","49":"9","5":"e","50":"3","51":"4","52":"3","53":"4","54":"3","55":"a","56":"2","57":"2","58":"d","59":"9","6":"\"","60":"1","61":"e","62":"d","63":"f","64":"0","65":"9","66":"5","67":"9","68":"d","69":"\"","7":":","70":"}","8":"\"","9":"d","level":"info","message":"Broadcasting data:","service":"personal-finance-backend","timestamp":"2024-09-06T23:50:15.241Z"}
{"level":"info","message":"Number of WebSocket clients:","service":"personal-finance-backend","timestamp":"2024-09-06T23:50:15.242Z"}
{"level":"info","message":"Exiting broadcast function","service":"personal-finance-backend","timestamp":"2024-09-06T23:50:15.242Z"}
{"level":"info","message":"Broadcast completed","service":"personal-finance-backend","timestamp":"2024-09-06T23:50:15.242Z"}
{"level":"info","message":"About to broadcast deleted transaction","service":"personal-finance-backend","timestamp":"2024-09-06T23:50:18.165Z"}
{"level":"info","message":"Entering broadcast function","service":"personal-finance-backend","timestamp":"2024-09-06T23:50:18.166Z"}
{"0":"{","1":"\"","10":"e","11":"l","12":"e","13":"t","14":"e","15":"T","16":"r","17":"a","18":"n","19":"s","2":"t","20":"a","21":"c","22":"t","23":"i","24":"o","25":"n","26":"\"","27":",","28":"\"","29":"t","3":"y","30":"r","31":"a","32":"n","33":"s","34":"a","35":"c","36":"t","37":"i","38":"o","39":"n","4":"p","40":"I","41":"d","42":"\"","43":":","44":"\"","45":"6","46":"6","47":"d","48":"b","49":"9","5":"e","50":"2","51":"8","52":"e","53":"2","54":"3","55":"e","56":"2","57":"6","58":"7","59":"9","6":"\"","60":"8","61":"f","62":"c","63":"5","64":"3","65":"4","66":"c","67":"e","68":"3","69":"\"","7":":","70":"}","8":"\"","9":"d","level":"info","message":"Broadcasting data:","service":"personal-finance-backend","timestamp":"2024-09-06T23:50:18.166Z"}
{"level":"info","message":"Number of WebSocket clients:","service":"personal-finance-backend","timestamp":"2024-09-06T23:50:18.167Z"}
{"level":"info","message":"Exiting broadcast function","service":"personal-finance-backend","timestamp":"2024-09-06T23:50:18.167Z"}
{"level":"info","message":"Broadcast completed","service":"personal-finance-backend","timestamp":"2024-09-06T23:50:18.167Z"}
{"level":"info","message":"About to broadcast deleted transaction","service":"personal-finance-backend","timestamp":"2024-09-06T23:50:19.226Z"}
{"level":"info","message":"Entering broadcast function","service":"personal-finance-backend","timestamp":"2024-09-06T23:50:19.227Z"}
{"0":"{","1":"\"","10":"e","11":"l","12":"e","13":"t","14":"e","15":"T","16":"r","17":"a","18":"n","19":"s","2":"t","20":"a","21":"c","22":"t","23":"i","24":"o","25":"n","26":"\"","27":",","28":"\"","29":"t","3":"y","30":"r","31":"a","32":"n","33":"s","34":"a","35":"c","36":"t","37":"i","38":"o","39":"n","4":"p","40":"I","41":"d","42":"\"","43":":","44":"\"","45":"6","46":"6","47":"d","48":"b","49":"9","5":"e","50":"2","51":"9","52":"1","53":"2","54":"3","55":"e","56":"2","57":"6","58":"7","59":"9","6":"\"","60":"8","61":"f","62":"c","63":"5","64":"3","65":"4","66":"c","67":"e","68":"6","69":"\"","7":":","70":"}","8":"\"","9":"d","level":"info","message":"Broadcasting data:","service":"personal-finance-backend","timestamp":"2024-09-06T23:50:19.227Z"}
{"level":"info","message":"Number of WebSocket clients:","service":"personal-finance-backend","timestamp":"2024-09-06T23:50:19.228Z"}
{"level":"info","message":"Exiting broadcast function","service":"personal-finance-backend","timestamp":"2024-09-06T23:50:19.228Z"}
{"level":"info","message":"Broadcast completed","service":"personal-finance-backend","timestamp":"2024-09-06T23:50:19.228Z"}
{"level":"info","message":"About to broadcast deleted transaction","service":"personal-finance-backend","timestamp":"2024-09-06T23:50:20.092Z"}
{"level":"info","message":"Entering broadcast function","service":"personal-finance-backend","timestamp":"2024-09-06T23:50:20.092Z"}
{"0":"{","1":"\"","10":"e","11":"l","12":"e","13":"t","14":"e","15":"T","16":"r","17":"a","18":"n","19":"s","2":"t","20":"a","21":"c","22":"t","23":"i","24":"o","25":"n","26":"\"","27":",","28":"\"","29":"t","3":"y","30":"r","31":"a","32":"n","33":"s","34":"a","35":"c","36":"t","37":"i","38":"o","39":"n","4":"p","40":"I","41":"d","42":"\"","43":":","44":"\"","45":"6","46":"6","47":"d","48":"b","49":"9","5":"e","50":"3","51":"0","52":"6","53":"c","54":"0","55":"5","56":"9","57":"b","58":"0","59":"d","6":"\"","60":"5","61":"6","62":"3","63":"5","64":"2","65":"4","66":"b","67":"e","68":"9","69":"\"","7":":","70":"}","8":"\"","9":"d","level":"info","message":"Broadcasting data:","service":"personal-finance-backend","timestamp":"2024-09-06T23:50:20.093Z"}
{"level":"info","message":"Number of WebSocket clients:","service":"personal-finance-backend","timestamp":"2024-09-06T23:50:20.093Z"}
{"level":"info","message":"Exiting broadcast function","service":"personal-finance-backend","timestamp":"2024-09-06T23:50:20.094Z"}
{"level":"info","message":"Broadcast completed","service":"personal-finance-backend","timestamp":"2024-09-06T23:50:20.094Z"}
{"level":"info","message":"About to broadcast deleted transaction","service":"personal-finance-backend","timestamp":"2024-09-06T23:50:21.121Z"}
{"level":"info","message":"Entering broadcast function","service":"personal-finance-backend","timestamp":"2024-09-06T23:50:21.121Z"}
{"0":"{","1":"\"","10":"e","11":"l","12":"e","13":"t","14":"e","15":"T","16":"r","17":"a","18":"n","19":"s","2":"t","20":"a","21":"c","22":"t","23":"i","24":"o","25":"n","26":"\"","27":",","28":"\"","29":"t","3":"y","30":"r","31":"a","32":"n","33":"s","34":"a","35":"c","36":"t","37":"i","38":"o","39":"n","4":"p","40":"I","41":"d","42":"\"","43":":","44":"\"","45":"6","46":"6","47":"d","48":"b","49":"9","5":"e","50":"3","51":"1","52":"d","53":"8","54":"3","55":"8","56":"7","57":"2","58":"a","59":"1","6":"\"","60":"f","61":"a","62":"f","63":"e","64":"3","65":"3","66":"0","67":"b","68":"a","69":"\"","7":":","70":"}","8":"\"","9":"d","level":"info","message":"Broadcasting data:","service":"personal-finance-backend","timestamp":"2024-09-06T23:50:21.121Z"}
{"level":"info","message":"Number of WebSocket clients:","service":"personal-finance-backend","timestamp":"2024-09-06T23:50:21.122Z"}
{"level":"info","message":"Exiting broadcast function","service":"personal-finance-backend","timestamp":"2024-09-06T23:50:21.122Z"}
{"level":"info","message":"Broadcast completed","service":"personal-finance-backend","timestamp":"2024-09-06T23:50:21.123Z"}
{"level":"info","message":"About to broadcast deleted transaction","service":"personal-finance-backend","timestamp":"2024-09-06T23:50:22.048Z"}
{"level":"info","message":"Entering broadcast function","service":"personal-finance-backend","timestamp":"2024-09-06T23:50:22.049Z"}
{"0":"{","1":"\"","10":"e","11":"l","12":"e","13":"t","14":"e","15":"T","16":"r","17":"a","18":"n","19":"s","2":"t","20":"a","21":"c","22":"t","23":"i","24":"o","25":"n","26":"\"","27":",","28":"\"","29":"t","3":"y","30":"r","31":"a","32":"n","33":"s","34":"a","35":"c","36":"t","37":"i","38":"o","39":"n","4":"p","40":"I","41":"d","42":"\"","43":":","44":"\"","45":"6","46":"6","47":"d","48":"b","49":"9","5":"e","50":"3","51":"4","52":"2","53":"4","54":"3","55":"a","56":"2","57":"2","58":"d","59":"9","6":"\"","60":"1","61":"e","62":"d","63":"f","64":"0","65":"9","66":"5","67":"9","68":"a","69":"\"","7":":","70":"}","8":"\"","9":"d","level":"info","message":"Broadcasting data:","service":"personal-finance-backend","timestamp":"2024-09-06T23:50:22.049Z"}
{"level":"info","message":"Number of WebSocket clients:","service":"personal-finance-backend","timestamp":"2024-09-06T23:50:22.049Z"}
{"level":"info","message":"Exiting broadcast function","service":"personal-finance-backend","timestamp":"2024-09-06T23:50:22.050Z"}
{"level":"info","message":"Broadcast completed","service":"personal-finance-backend","timestamp":"2024-09-06T23:50:22.050Z"}
{"level":"info","message":"About to broadcast deleted transaction","service":"personal-finance-backend","timestamp":"2024-09-06T23:50:22.970Z"}
{"level":"info","message":"Entering broadcast function","service":"personal-finance-backend","timestamp":"2024-09-06T23:50:22.970Z"}
{"0":"{","1":"\"","10":"e","11":"l","12":"e","13":"t","14":"e","15":"T","16":"r","17":"a","18":"n","19":"s","2":"t","20":"a","21":"c","22":"t","23":"i","24":"o","25":"n","26":"\"","27":",","28":"\"","29":"t","3":"y","30":"r","31":"a","32":"n","33":"s","34":"a","35":"c","36":"t","37":"i","38":"o","39":"n","4":"p","40":"I","41":"d","42":"\"","43":":","44":"\"","45":"6","46":"6","47":"d","48":"b","49":"9","5":"e","50":"3","51":"4","52":"3","53":"4","54":"3","55":"a","56":"2","57":"2","58":"d","59":"9","6":"\"","60":"1","61":"e","62":"d","63":"f","64":"0","65":"9","66":"5","67":"a","68":"0","69":"\"","7":":","70":"}","8":"\"","9":"d","level":"info","message":"Broadcasting data:","service":"personal-finance-backend","timestamp":"2024-09-06T23:50:22.970Z"}
{"level":"info","message":"Number of WebSocket clients:","service":"personal-finance-backend","timestamp":"2024-09-06T23:50:22.971Z"}
{"level":"info","message":"Exiting broadcast function","service":"personal-finance-backend","timestamp":"2024-09-06T23:50:22.971Z"}
{"level":"info","message":"Broadcast completed","service":"personal-finance-backend","timestamp":"2024-09-06T23:50:22.972Z"}
{"level":"info","message":"About to broadcast deleted transaction","service":"personal-finance-backend","timestamp":"2024-09-06T23:50:23.815Z"}
{"level":"info","message":"Entering broadcast function","service":"personal-finance-backend","timestamp":"2024-09-06T23:50:23.815Z"}
{"0":"{","1":"\"","10":"e","11":"l","12":"e","13":"t","14":"e","15":"T","16":"r","17":"a","18":"n","19":"s","2":"t","20":"a","21":"c","22":"t","23":"i","24":"o","25":"n","26":"\"","27":",","28":"\"","29":"t","3":"y","30":"r","31":"a","32":"n","33":"s","34":"a","35":"c","36":"t","37":"i","38":"o","39":"n","4":"p","40":"I","41":"d","42":"\"","43":":","44":"\"","45":"6","46":"6","47":"d","48":"b","49":"9","5":"e","50":"5","51":"2","52":"d","53":"9","54":"b","55":"3","56":"1","57":"6","58":"0","59":"f","6":"\"","60":"5","61":"4","62":"b","63":"b","64":"0","65":"2","66":"b","67":"f","68":"7","69":"\"","7":":","70":"}","8":"\"","9":"d","level":"info","message":"Broadcasting data:","service":"personal-finance-backend","timestamp":"2024-09-06T23:50:23.816Z"}
{"level":"info","message":"Number of WebSocket clients:","service":"personal-finance-backend","timestamp":"2024-09-06T23:50:23.817Z"}
{"level":"info","message":"Exiting broadcast function","service":"personal-finance-backend","timestamp":"2024-09-06T23:50:23.818Z"}
{"level":"info","message":"Broadcast completed","service":"personal-finance-backend","timestamp":"2024-09-06T23:50:23.818Z"}
{"level":"info","message":"About to broadcast new transaction","service":"personal-finance-backend","timestamp":"2024-09-06T23:51:01.584Z"}
{"level":"info","message":"Entering broadcast function","service":"personal-finance-backend","timestamp":"2024-09-06T23:51:01.585Z"}
{"0":"{","1":"\"","10":"e","100":":","101":"0","102":"0","103":".","104":"0","105":"0","106":"0","107":"Z","108":"\"","109":",","11":"w","110":"\"","111":"t","112":"y","113":"p","114":"e","115":"\"","116":":","117":"\"","118":"i","119":"n","12":"T","120":"c","121":"o","122":"m","123":"e","124":"\"","125":",","126":"\"","127":"c","128":"a","129":"t","13":"r","130":"e","131":"g","132":"o","133":"r","134":"y","135":"\"","136":":","137":"\"","138":"P","139":"a","14":"a","140":"y","141":"c","142":"h","143":"e","144":"c","145":"k","146":"\"","147":",","148":"\"","149":"a","15":"n","150":"m","151":"o","152":"u","153":"n","154":"t","155":"\"","156":":","157":"2","158":"1","159":"0","16":"s","160":"0","161":",","162":"\"","163":"i","164":"s","165":"P","166":"a","167":"i","168":"d","169":"\"","17":"a","170":":","171":"n","172":"u","173":"l","174":"l","175":",","176":"\"","177":"d","178":"u","179":"e","18":"c","180":"D","181":"a","182":"t","183":"e","184":"\"","185":":","186":"n","187":"u","188":"l","189":"l","19":"t","190":",","191":"\"","192":"_","193":"i","194":"d","195":"\"","196":":","197":"\"","198":"6","199":"6","2":"t","20":"i","200":"d","201":"b","202":"9","203":"5","204":"6","205":"5","206":"9","207":"b","208":"3","209":"1","21":"o","210":"6","211":"0","212":"f","213":"5","214":"4","215":"b","216":"b","217":"0","218":"2","219":"c","22":"n","220":"2","221":"8","222":"\"","223":",","224":"\"","225":"c","226":"r","227":"e","228":"a","229":"t","23":"\"","230":"e","231":"d","232":"A","233":"t","234":"\"","235":":","236":"\"","237":"2","238":"0","239":"2","24":",","240":"4","241":"-","242":"0","243":"9","244":"-","245":"0","246":"6","247":"T","248":"2","249":"3","25":"\"","250":":","251":"5","252":"1","253":":","254":"0","255":"1","256":".","257":"5","258":"8","259":"3","26":"t","260":"Z","261":"\"","262":",","263":"\"","264":"_","265":"_","266":"v","267":"\"","268":":","269":"0","27":"r","270":"}","271":"}","28":"a","29":"n","3":"y","30":"s","31":"a","32":"c","33":"t","34":"i","35":"o","36":"n","37":"\"","38":":","39":"{","4":"p","40":"\"","41":"u","42":"s","43":"e","44":"r","45":"I","46":"d","47":"\"","48":":","49":"\"","5":"e","50":"6","51":"6","52":"d","53":"b","54":"4","55":"c","56":"d","57":"6","58":"2","59":"2","6":"\"","60":"3","61":"7","62":"6","63":"e","64":"5","65":"f","66":"e","67":"2","68":"2","69":"9","7":":","70":"4","71":"c","72":"d","73":"8","74":"\"","75":",","76":"\"","77":"d","78":"a","79":"t","8":"\"","80":"e","81":"\"","82":":","83":"\"","84":"2","85":"0","86":"2","87":"4","88":"-","89":"0","9":"n","90":"9","91":"-","92":"0","93":"7","94":"T","95":"0","96":"0","97":":","98":"0","99":"0","level":"info","message":"Broadcasting data:","service":"personal-finance-backend","timestamp":"2024-09-06T23:51:01.585Z"}
{"level":"info","message":"Number of WebSocket clients:","service":"personal-finance-backend","timestamp":"2024-09-06T23:51:01.587Z"}
{"level":"info","message":"Exiting broadcast function","service":"personal-finance-backend","timestamp":"2024-09-06T23:51:01.587Z"}
{"level":"info","message":"Broadcast completed","service":"personal-finance-backend","timestamp":"2024-09-06T23:51:01.587Z"}
{"level":"info","message":"About to broadcast new transaction","service":"personal-finance-backend","timestamp":"2024-09-06T23:51:25.798Z"}
{"level":"info","message":"Entering broadcast function","service":"personal-finance-backend","timestamp":"2024-09-06T23:51:25.798Z"}
{"0":"{","1":"\"","10":"e","100":":","101":"0","102":"0","103":".","104":"0","105":"0","106":"0","107":"Z","108":"\"","109":",","11":"w","110":"\"","111":"t","112":"y","113":"p","114":"e","115":"\"","116":":","117":"\"","118":"e","119":"x","12":"T","120":"p","121":"e","122":"n","123":"s","124":"e","125":"\"","126":",","127":"\"","128":"c","129":"a","13":"r","130":"t","131":"e","132":"g","133":"o","134":"r","135":"y","136":"\"","137":":","138":"\"","139":"L","14":"a","140":"e","141":"a","142":"s","143":"e","144":"\"","145":",","146":"\"","147":"a","148":"m","149":"o","15":"n","150":"u","151":"n","152":"t","153":"\"","154":":","155":"9","156":"2","157":"0","158":",","159":"\"","16":"s","160":"i","161":"s","162":"P","163":"a","164":"i","165":"d","166":"\"","167":":","168":"n","169":"u","17":"a","170":"l","171":"l","172":",","173":"\"","174":"d","175":"u","176":"e","177":"D","178":"a","179":"t","18":"c","180":"e","181":"\"","182":":","183":"n","184":"u","185":"l","186":"l","187":",","188":"\"","189":"_","19":"t","190":"i","191":"d","192":"\"","193":":","194":"\"","195":"6","196":"6","197":"d","198":"b","199":"9","2":"t","20":"i","200":"5","201":"7","202":"d","203":"9","204":"b","205":"3","206":"1","207":"6","208":"0","209":"f","21":"o","210":"5","211":"4","212":"b","213":"b","214":"0","215":"2","216":"c","217":"2","218":"d","219":"\"","22":"n","220":",","221":"\"","222":"c","223":"r","224":"e","225":"a","226":"t","227":"e","228":"d","229":"A","23":"\"","230":"t","231":"\"","232":":","233":"\"","234":"2","235":"0","236":"2","237":"4","238":"-","239":"0","24":",","240":"9","241":"-","242":"0","243":"6","244":"T","245":"2","246":"3","247":":","248":"5","249":"1","25":"\"","250":":","251":"2","252":"5","253":".","254":"7","255":"9","256":"6","257":"Z","258":"\"","259":",","26":"t","260":"\"","261":"_","262":"_","263":"v","264":"\"","265":":","266":"0","267":"}","268":"}","27":"r","28":"a","29":"n","3":"y","30":"s","31":"a","32":"c","33":"t","34":"i","35":"o","36":"n","37":"\"","38":":","39":"{","4":"p","40":"\"","41":"u","42":"s","43":"e","44":"r","45":"I","46":"d","47":"\"","48":":","49":"\"","5":"e","50":"6","51":"6","52":"d","53":"b","54":"4","55":"c","56":"d","57":"6","58":"2","59":"2","6":"\"","60":"3","61":"7","62":"6","63":"e","64":"5","65":"f","66":"e","67":"2","68":"2","69":"9","7":":","70":"4","71":"c","72":"d","73":"8","74":"\"","75":",","76":"\"","77":"d","78":"a","79":"t","8":"\"","80":"e","81":"\"","82":":","83":"\"","84":"2","85":"0","86":"2","87":"4","88":"-","89":"0","9":"n","90":"9","91":"-","92":"0","93":"7","94":"T","95":"0","96":"0","97":":","98":"0","99":"0","level":"info","message":"Broadcasting data:","service":"personal-finance-backend","timestamp":"2024-09-06T23:51:25.799Z"}
{"level":"info","message":"Number of WebSocket clients:","service":"personal-finance-backend","timestamp":"2024-09-06T23:51:25.800Z"}
{"level":"info","message":"Exiting broadcast function","service":"personal-finance-backend","timestamp":"2024-09-06T23:51:25.800Z"}
{"level":"info","message":"Broadcast completed","service":"personal-finance-backend","timestamp":"2024-09-06T23:51:25.800Z"}
{"level":"info","message":"WebSocket server initialized","service":"personal-finance-backend","timestamp":"2024-09-06T23:52:05.572Z"}
{"level":"info","message":"Connected to MongoDB","service":"personal-finance-backend","timestamp":"2024-09-06T23:52:05.747Z"}
{"level":"info","message":"Server running on port 5000","service":"personal-finance-backend","timestamp":"2024-09-06T23:52:05.748Z"}
{"level":"info","message":"About to broadcast new transaction","service":"personal-finance-backend","timestamp":"2024-09-06T23:52:24.110Z"}
{"level":"info","message":"Entering broadcast function","service":"personal-finance-backend","timestamp":"2024-09-06T23:52:24.111Z"}
{"0":"{","1":"\"","10":"e","100":":","101":"0","102":"0","103":".","104":"0","105":"0","106":"0","107":"Z","108":"\"","109":",","11":"w","110":"\"","111":"t","112":"y","113":"p","114":"e","115":"\"","116":":","117":"\"","118":"e","119":"x","12":"T","120":"p","121":"e","122":"n","123":"s","124":"e","125":"\"","126":",","127":"\"","128":"c","129":"a","13":"r","130":"t","131":"e","132":"g","133":"o","134":"r","135":"y","136":"\"","137":":","138":"\"","139":"F","14":"a","140":"i","141":"n","142":"e","143":"\"","144":",","145":"\"","146":"a","147":"m","148":"o","149":"u","15":"n","150":"n","151":"t","152":"\"","153":":","154":"2","155":"5","156":",","157":"\"","158":"i","159":"s","16":"s","160":"P","161":"a","162":"i","163":"d","164":"\"","165":":","166":"n","167":"u","168":"l","169":"l","17":"a","170":",","171":"\"","172":"d","173":"u","174":"e","175":"D","176":"a","177":"t","178":"e","179":"\"","18":"c","180":":","181":"n","182":"u","183":"l","184":"l","185":",","186":"\"","187":"_","188":"i","189":"d","19":"t","190":"\"","191":":","192":"\"","193":"6","194":"6","195":"d","196":"b","197":"9","198":"5","199":"b","2":"t","20":"i","200":"8","201":"b","202":"9","203":"b","204":"a","205":"d","206":"4","207":"d","208":"b","209":"d","21":"o","210":"f","211":"c","212":"2","213":"c","214":"0","215":"4","216":"0","217":"\"","218":",","219":"\"","22":"n","220":"c","221":"r","222":"e","223":"a","224":"t","225":"e","226":"d","227":"A","228":"t","229":"\"","23":"\"","230":":","231":"\"","232":"2","233":"0","234":"2","235":"4","236":"-","237":"0","238":"9","239":"-","24":",","240":"0","241":"6","242":"T","243":"2","244":"3","245":":","246":"5","247":"2","248":":","249":"2","25":"\"","250":"4","251":".","252":"1","253":"0","254":"4","255":"Z","256":"\"","257":",","258":"\"","259":"_","26":"t","260":"_","261":"v","262":"\"","263":":","264":"0","265":"}","266":"}","27":"r","28":"a","29":"n","3":"y","30":"s","31":"a","32":"c","33":"t","34":"i","35":"o","36":"n","37":"\"","38":":","39":"{","4":"p","40":"\"","41":"u","42":"s","43":"e","44":"r","45":"I","46":"d","47":"\"","48":":","49":"\"","5":"e","50":"6","51":"6","52":"d","53":"b","54":"4","55":"c","56":"d","57":"6","58":"2","59":"2","6":"\"","60":"3","61":"7","62":"6","63":"e","64":"5","65":"f","66":"e","67":"2","68":"2","69":"9","7":":","70":"4","71":"c","72":"d","73":"8","74":"\"","75":",","76":"\"","77":"d","78":"a","79":"t","8":"\"","80":"e","81":"\"","82":":","83":"\"","84":"2","85":"0","86":"2","87":"4","88":"-","89":"0","9":"n","90":"9","91":"-","92":"0","93":"7","94":"T","95":"0","96":"0","97":":","98":"0","99":"0","level":"info","message":"Broadcasting data:","service":"personal-finance-backend","timestamp":"2024-09-06T23:52:24.112Z"}
{"level":"info","message":"Number of WebSocket clients:","service":"personal-finance-backend","timestamp":"2024-09-06T23:52:24.114Z"}
{"level":"info","message":"Exiting broadcast function","service":"personal-finance-backend","timestamp":"2024-09-06T23:52:24.114Z"}
{"level":"info","message":"Broadcast completed","service":"personal-finance-backend","timestamp":"2024-09-06T23:52:24.115Z"}
{"level":"info","message":"About to broadcast new transaction","service":"personal-finance-backend","timestamp":"2024-09-06T23:53:20.085Z"}
{"level":"info","message":"Entering broadcast function","service":"personal-finance-backend","timestamp":"2024-09-06T23:53:20.086Z"}
{"0":"{","1":"\"","10":"e","100":":","101":"0","102":"0","103":".","104":"0","105":"0","106":"0","107":"Z","108":"\"","109":",","11":"w","110":"\"","111":"t","112":"y","113":"p","114":"e","115":"\"","116":":","117":"\"","118":"e","119":"x","12":"T","120":"p","121":"e","122":"n","123":"s","124":"e","125":"\"","126":",","127":"\"","128":"c","129":"a","13":"r","130":"t","131":"e","132":"g","133":"o","134":"r","135":"y","136":"\"","137":":","138":"\"","139":"R","14":"a","140":"e","141":"n","142":"t","143":"\"","144":",","145":"\"","146":"a","147":"m","148":"o","149":"u","15":"n","150":"n","151":"t","152":"\"","153":":","154":"6","155":"0","156":"0","157":",","158":"\"","159":"i","16":"s","160":"s","161":"P","162":"a","163":"i","164":"d","165":"\"","166":":","167":"n","168":"u","169":"l","17":"a","170":"l","171":",","172":"\"","173":"d","174":"u","175":"e","176":"D","177":"a","178":"t","179":"e","18":"c","180":"\"","181":":","182":"n","183":"u","184":"l","185":"l","186":",","187":"\"","188":"_","189":"i","19":"t","190":"d","191":"\"","192":":","193":"\"","194":"6","195":"6","196":"d","197":"b","198":"9","199":"5","2":"t","20":"i","200":"f","201":"0","202":"b","203":"9","204":"b","205":"a","206":"d","207":"4","208":"d","209":"b","21":"o","210":"d","211":"f","212":"c","213":"2","214":"c","215":"0","216":"4","217":"9","218":"\"","219":",","22":"n","220":"\"","221":"c","222":"r","223":"e","224":"a","225":"t","226":"e","227":"d","228":"A","229":"t","23":"\"","230":"\"","231":":","232":"\"","233":"2","234":"0","235":"2","236":"4","237":"-","238":"0","239":"9","24":",","240":"-","241":"0","242":"6","243":"T","244":"2","245":"3","246":":","247":"5","248":"3","249":":","25":"\"","250":"2","251":"0","252":".","253":"0","254":"8","255":"4","256":"Z","257":"\"","258":",","259":"\"","26":"t","260":"_","261":"_","262":"v","263":"\"","264":":","265":"0","266":"}","267":"}","27":"r","28":"a","29":"n","3":"y","30":"s","31":"a","32":"c","33":"t","34":"i","35":"o","36":"n","37":"\"","38":":","39":"{","4":"p","40":"\"","41":"u","42":"s","43":"e","44":"r","45":"I","46":"d","47":"\"","48":":","49":"\"","5":"e","50":"6","51":"6","52":"d","53":"b","54":"4","55":"c","56":"d","57":"6","58":"2","59":"2","6":"\"","60":"3","61":"7","62":"6","63":"e","64":"5","65":"f","66":"e","67":"2","68":"2","69":"9","7":":","70":"4","71":"c","72":"d","73":"8","74":"\"","75":",","76":"\"","77":"d","78":"a","79":"t","8":"\"","80":"e","81":"\"","82":":","83":"\"","84":"2","85":"0","86":"2","87":"4","88":"-","89":"0","9":"n","90":"9","91":"-","92":"0","93":"7","94":"T","95":"0","96":"0","97":":","98":"0","99":"0","level":"info","message":"Broadcasting data:","service":"personal-finance-backend","timestamp":"2024-09-06T23:53:20.086Z"}
{"level":"info","message":"Number of WebSocket clients:","service":"personal-finance-backend","timestamp":"2024-09-06T23:53:20.088Z"}
{"level":"info","message":"Exiting broadcast function","service":"personal-finance-backend","timestamp":"2024-09-06T23:53:20.088Z"}
{"level":"info","message":"Broadcast completed","service":"personal-finance-backend","timestamp":"2024-09-06T23:53:20.089Z"}
{"level":"info","message":"WebSocket server initialized","service":"personal-finance-backend","timestamp":"2024-09-06T23:54:15.628Z"}
{"level":"info","message":"Connected to MongoDB","service":"personal-finance-backend","timestamp":"2024-09-06T23:54:15.831Z"}
{"level":"info","message":"Server running on port 5000","service":"personal-finance-backend","timestamp":"2024-09-06T23:54:15.832Z"}
{"level":"info","message":"About to broadcast new transaction","service":"personal-finance-backend","timestamp":"2024-09-06T23:54:38.305Z"}
{"level":"info","message":"Entering broadcast function","service":"personal-finance-backend","timestamp":"2024-09-06T23:54:38.306Z"}
{"0":"{","1":"\n","10":":","100":"\"","101":":","102":" ","103":"\"","104":"2","105":"0","106":"2","107":"4","108":"-","109":"0","11":" ","110":"9","111":"-","112":"0","113":"7","114":"T","115":"0","116":"0","117":":","118":"0","119":"0","12":"\"","120":":","121":"0","122":"0","123":".","124":"0","125":"0","126":"0","127":"Z","128":"\"","129":",","13":"n","130":"\n","131":" ","132":" ","133":" ","134":" ","135":"\"","136":"t","137":"y","138":"p","139":"e","14":"e","140":"\"","141":":","142":" ","143":"\"","144":"e","145":"x","146":"p","147":"e","148":"n","149":"s","15":"w","150":"e","151":"\"","152":",","153":"\n","154":" ","155":" ","156":" ","157":" ","158":"\"","159":"c","16":"T","160":"a","161":"t","162":"e","163":"g","164":"o","165":"r","166":"y","167":"\"","168":":","169":" ","17":"r","170":"\"","171":"O","172":"r","173":"n","174":"a","175":"m","176":"e","177":"n","178":"t","179":"\"","18":"a","180":",","181":"\n","182":" ","183":" ","184":" ","185":" ","186":"\"","187":"a","188":"m","189":"o","19":"n","190":"u","191":"n","192":"t","193":"\"","194":":","195":" ","196":"2","197":"0","198":",","199":"\n","2":" ","20":"s","200":" ","201":" ","202":" ","203":" ","204":"\"","205":"i","206":"s","207":"P","208":"a","209":"i","21":"a","210":"d","211":"\"","212":":","213":" ","214":"n","215":"u","216":"l","217":"l","218":",","219":"\n","22":"c","220":" ","221":" ","222":" ","223":" ","224":"\"","225":"d","226":"u","227":"e","228":"D","229":"a","23":"t","230":"t","231":"e","232":"\"","233":":","234":" ","235":"n","236":"u","237":"l","238":"l","239":",","24":"i","240":"\n","241":" ","242":" ","243":" ","244":" ","245":"\"","246":"_","247":"i","248":"d","249":"\"","25":"o","250":":","251":" ","252":"\"","253":"6","254":"6","255":"d","256":"b","257":"9","258":"6","259":"3","26":"n","260":"e","261":"6","262":"d","263":"1","264":"8","265":"a","266":"8","267":"c","268":"1","269":"6","27":"\"","270":"8","271":"c","272":"3","273":"6","274":"7","275":"5","276":"e","277":"\"","278":",","279":"\n","28":",","280":" ","281":" ","282":" ","283":" ","284":"\"","285":"c","286":"r","287":"e","288":"a","289":"t","29":"\n","290":"e","291":"d","292":"A","293":"t","294":"\"","295":":","296":" ","297":"\"","298":"2","299":"0","3":" ","30":" ","300":"2","301":"4","302":"-","303":"0","304":"9","305":"-","306":"0","307":"6","308":"T","309":"2","31":" ","310":"3","311":":","312":"5","313":"4","314":":","315":"3","316":"8","317":".","318":"2","319":"9","32":"\"","320":"9","321":"Z","322":"\"","323":",","324":"\n","325":" ","326":" ","327":" ","328":" ","329":"\"","33":"t","330":"_","331":"_","332":"v","333":"\"","334":":","335":" ","336":"0","337":"\n","338":" ","339":" ","34":"r","340":"}","341":"\n","342":"}","35":"a","36":"n","37":"s","38":"a","39":"c","4":"\"","40":"t","41":"i","42":"o","43":"n","44":"\"","45":":","46":" ","47":"{","48":"\n","49":" ","5":"t","50":" ","51":" ","52":" ","53":"\"","54":"u","55":"s","56":"e","57":"r","58":"I","59":"d","6":"y","60":"\"","61":":","62":" ","63":"\"","64":"6","65":"6","66":"d","67":"b","68":"4","69":"c","7":"p","70":"d","71":"6","72":"2","73":"2","74":"3","75":"7","76":"6","77":"e","78":"5","79":"f","8":"e","80":"e","81":"2","82":"2","83":"9","84":"4","85":"c","86":"d","87":"8","88":"\"","89":",","9":"\"","90":"\n","91":" ","92":" ","93":" ","94":" ","95":"\"","96":"d","97":"a","98":"t","99":"e","level":"info","message":"Broadcasting data:","service":"personal-finance-backend","timestamp":"2024-09-06T23:54:38.307Z"}
{"level":"info","message":"Number of WebSocket clients: 0","service":"personal-finance-backend","timestamp":"2024-09-06T23:54:38.309Z"}
{"level":"info","message":"Exiting broadcast function","service":"personal-finance-backend","timestamp":"2024-09-06T23:54:38.309Z"}
{"level":"info","message":"Broadcast completed","service":"personal-finance-backend","timestamp":"2024-09-06T23:54:38.309Z"}
{"level":"info","message":"WebSocket server initialized","service":"personal-finance-backend","timestamp":"2024-09-06T23:56:08.747Z"}
{"level":"info","message":"Connected to MongoDB","service":"personal-finance-backend","timestamp":"2024-09-06T23:56:08.949Z"}
{"level":"info","message":"Server running on port 5000","service":"personal-finance-backend","timestamp":"2024-09-06T23:56:08.949Z"}
2024-09-06T23:56:18.798Z [info] : WebSocket server initialized 
2024-09-06T23:56:18.971Z [info] : Connected to MongoDB 
2024-09-06T23:56:18.972Z [info] : Server running on port 5000 
2024-09-06T23:56:20.935Z [info] : WebSocket server initialized 
2024-09-06T23:56:21.107Z [info] : Connected to MongoDB 
2024-09-06T23:56:21.108Z [info] : Server running on port 5000 
2024-09-06T23:56:25.385Z [info] : WebSocket server initialized 
2024-09-06T23:56:25.578Z [info] : Connected to MongoDB 
2024-09-06T23:56:25.580Z [info] : Server running on port 5000 
2024-09-06T23:56:42.558Z [info] : About to broadcast new transaction 
2024-09-06T23:56:42.558Z [info] : Entering broadcast function 
2024-09-06T23:56:42.559Z [info] : Broadcasting data: {
  "0": "{",
  "1": "\"",
  "2": "t",
  "3": "y",
  "4": "p",
  "5": "e",
  "6": "\"",
  "7": ":",
  "8": "\"",
  "9": "n",
  "10": "e",
  "11": "w",
  "12": "T",
  "13": "r",
  "14": "a",
  "15": "n",
  "16": "s",
  "17": "a",
  "18": "c",
  "19": "t",
  "20": "i",
  "21": "o",
  "22": "n",
  "23": "\"",
  "24": ",",
  "25": "\"",
  "26": "t",
  "27": "r",
  "28": "a",
  "29": "n",
  "30": "s",
  "31": "a",
  "32": "c",
  "33": "t",
  "34": "i",
  "35": "o",
  "36": "n",
  "37": "\"",
  "38": ":",
  "39": "{",
  "40": "\"",
  "41": "u",
  "42": "s",
  "43": "e",
  "44": "r",
  "45": "I",
  "46": "d",
  "47": "\"",
  "48": ":",
  "49": "\"",
  "50": "6",
  "51": "6",
  "52": "d",
  "53": "b",
  "54": "4",
  "55": "c",
  "56": "d",
  "57": "6",
  "58": "2",
  "59": "2",
  "60": "3",
  "61": "7",
  "62": "6",
  "63": "e",
  "64": "5",
  "65": "f",
  "66": "e",
  "67": "2",
  "68": "2",
  "69": "9",
  "70": "4",
  "71": "c",
  "72": "d",
  "73": "8",
  "74": "\"",
  "75": ",",
  "76": "\"",
  "77": "d",
  "78": "a",
  "79": "t",
  "80": "e",
  "81": "\"",
  "82": ":",
  "83": "\"",
  "84": "2",
  "85": "0",
  "86": "2",
  "87": "4",
  "88": "-",
  "89": "0",
  "90": "9",
  "91": "-",
  "92": "0",
  "93": "7",
  "94": "T",
  "95": "0",
  "96": "0",
  "97": ":",
  "98": "0",
  "99": "0",
  "100": ":",
  "101": "0",
  "102": "0",
  "103": ".",
  "104": "0",
  "105": "0",
  "106": "0",
  "107": "Z",
  "108": "\"",
  "109": ",",
  "110": "\"",
  "111": "t",
  "112": "y",
  "113": "p",
  "114": "e",
  "115": "\"",
  "116": ":",
  "117": "\"",
  "118": "e",
  "119": "x",
  "120": "p",
  "121": "e",
  "122": "n",
  "123": "s",
  "124": "e",
  "125": "\"",
  "126": ",",
  "127": "\"",
  "128": "c",
  "129": "a",
  "130": "t",
  "131": "e",
  "132": "g",
  "133": "o",
  "134": "r",
  "135": "y",
  "136": "\"",
  "137": ":",
  "138": "\"",
  "139": "t",
  "140": "e",
  "141": "s",
  "142": "t",
  "143": "\"",
  "144": ",",
  "145": "\"",
  "146": "a",
  "147": "m",
  "148": "o",
  "149": "u",
  "150": "n",
  "151": "t",
  "152": "\"",
  "153": ":",
  "154": "1",
  "155": "2",
  "156": ",",
  "157": "\"",
  "158": "i",
  "159": "s",
  "160": "P",
  "161": "a",
  "162": "i",
  "163": "d",
  "164": "\"",
  "165": ":",
  "166": "n",
  "167": "u",
  "168": "l",
  "169": "l",
  "170": ",",
  "171": "\"",
  "172": "d",
  "173": "u",
  "174": "e",
  "175": "D",
  "176": "a",
  "177": "t",
  "178": "e",
  "179": "\"",
  "180": ":",
  "181": "n",
  "182": "u",
  "183": "l",
  "184": "l",
  "185": ",",
  "186": "\"",
  "187": "_",
  "188": "i",
  "189": "d",
  "190": "\"",
  "191": ":",
  "192": "\"",
  "193": "6",
  "194": "6",
  "195": "d",
  "196": "b",
  "197": "9",
  "198": "6",
  "199": "b",
  "200": "a",
  "201": "e",
  "202": "8",
  "203": "e",
  "204": "b",
  "205": "a",
  "206": "b",
  "207": "7",
  "208": "8",
  "209": "3",
  "210": "d",
  "211": "1",
  "212": "1",
  "213": "5",
  "214": "0",
  "215": "d",
  "216": "0",
  "217": "\"",
  "218": ",",
  "219": "\"",
  "220": "c",
  "221": "r",
  "222": "e",
  "223": "a",
  "224": "t",
  "225": "e",
  "226": "d",
  "227": "A",
  "228": "t",
  "229": "\"",
  "230": ":",
  "231": "\"",
  "232": "2",
  "233": "0",
  "234": "2",
  "235": "4",
  "236": "-",
  "237": "0",
  "238": "9",
  "239": "-",
  "240": "0",
  "241": "6",
  "242": "T",
  "243": "2",
  "244": "3",
  "245": ":",
  "246": "5",
  "247": "6",
  "248": ":",
  "249": "4",
  "250": "2",
  "251": ".",
  "252": "5",
  "253": "5",
  "254": "1",
  "255": "Z",
  "256": "\"",
  "257": ",",
  "258": "\"",
  "259": "_",
  "260": "_",
  "261": "v",
  "262": "\"",
  "263": ":",
  "264": "0",
  "265": "}",
  "266": "}"
}
2024-09-06T23:56:42.562Z [info] : Number of WebSocket clients: 0 
2024-09-06T23:56:42.562Z [info] : Exiting broadcast function 
2024-09-06T23:56:42.562Z [info] : Broadcast completed 
2024-09-06T23:57:45.972Z [info] : WebSocket server initialized 
2024-09-06T23:57:46.163Z [info] : Connected to MongoDB 
2024-09-06T23:57:46.163Z [info] : Server running on port 5000 
2024-09-06T23:57:49.662Z [info] : WebSocket server initialized 
2024-09-06T23:57:49.827Z [info] : Connected to MongoDB 
2024-09-06T23:57:49.827Z [info] : Server running on port 5000 
2024-09-06T23:57:53.339Z [info] : WebSocket server initialized 
2024-09-06T23:57:53.509Z [info] : Connected to MongoDB 
2024-09-06T23:57:53.509Z [info] : Server running on port 5000 
2024-09-06T23:58:05.266Z [info] : About to broadcast deleted transaction 
2024-09-06T23:58:05.266Z [info] : Entering broadcast function 
2024-09-06T23:58:05.267Z [info] : Broadcasting data: {
  "0": "{",
  "1": "\"",
  "2": "t",
  "3": "y",
  "4": "p",
  "5": "e",
  "6": "\"",
  "7": ":",
  "8": "\"",
  "9": "d",
  "10": "e",
  "11": "l",
  "12": "e",
  "13": "t",
  "14": "e",
  "15": "T",
  "16": "r",
  "17": "a",
  "18": "n",
  "19": "s",
  "20": "a",
  "21": "c",
  "22": "t",
  "23": "i",
  "24": "o",
  "25": "n",
  "26": "\"",
  "27": ",",
  "28": "\"",
  "29": "t",
  "30": "r",
  "31": "a",
  "32": "n",
  "33": "s",
  "34": "a",
  "35": "c",
  "36": "t",
  "37": "i",
  "38": "o",
  "39": "n",
  "40": "I",
  "41": "d",
  "42": "\"",
  "43": ":",
  "44": "\"",
  "45": "6",
  "46": "6",
  "47": "d",
  "48": "b",
  "49": "9",
  "50": "6",
  "51": "b",
  "52": "a",
  "53": "e",
  "54": "8",
  "55": "e",
  "56": "b",
  "57": "a",
  "58": "b",
  "59": "7",
  "60": "8",
  "61": "3",
  "62": "d",
  "63": "1",
  "64": "1",
  "65": "5",
  "66": "0",
  "67": "d",
  "68": "0",
  "69": "\"",
  "70": "}"
}
2024-09-06T23:58:05.268Z [info] : Number of WebSocket clients: 0 
2024-09-06T23:58:05.268Z [info] : Exiting broadcast function 
2024-09-06T23:58:05.268Z [info] : Broadcast completed 
2024-09-06T23:58:12.373Z [info] : About to broadcast new transaction 
2024-09-06T23:58:12.374Z [info] : Entering broadcast function 
2024-09-06T23:58:12.374Z [info] : Broadcasting data: {
  "0": "{",
  "1": "\"",
  "2": "t",
  "3": "y",
  "4": "p",
  "5": "e",
  "6": "\"",
  "7": ":",
  "8": "\"",
  "9": "n",
  "10": "e",
  "11": "w",
  "12": "T",
  "13": "r",
  "14": "a",
  "15": "n",
  "16": "s",
  "17": "a",
  "18": "c",
  "19": "t",
  "20": "i",
  "21": "o",
  "22": "n",
  "23": "\"",
  "24": ",",
  "25": "\"",
  "26": "t",
  "27": "r",
  "28": "a",
  "29": "n",
  "30": "s",
  "31": "a",
  "32": "c",
  "33": "t",
  "34": "i",
  "35": "o",
  "36": "n",
  "37": "\"",
  "38": ":",
  "39": "{",
  "40": "\"",
  "41": "u",
  "42": "s",
  "43": "e",
  "44": "r",
  "45": "I",
  "46": "d",
  "47": "\"",
  "48": ":",
  "49": "\"",
  "50": "6",
  "51": "6",
  "52": "d",
  "53": "b",
  "54": "4",
  "55": "c",
  "56": "d",
  "57": "6",
  "58": "2",
  "59": "2",
  "60": "3",
  "61": "7",
  "62": "6",
  "63": "e",
  "64": "5",
  "65": "f",
  "66": "e",
  "67": "2",
  "68": "2",
  "69": "9",
  "70": "4",
  "71": "c",
  "72": "d",
  "73": "8",
  "74": "\"",
  "75": ",",
  "76": "\"",
  "77": "d",
  "78": "a",
  "79": "t",
  "80": "e",
  "81": "\"",
  "82": ":",
  "83": "\"",
  "84": "2",
  "85": "0",
  "86": "2",
  "87": "4",
  "88": "-",
  "89": "0",
  "90": "9",
  "91": "-",
  "92": "0",
  "93": "7",
  "94": "T",
  "95": "0",
  "96": "0",
  "97": ":",
  "98": "0",
  "99": "0",
  "100": ":",
  "101": "0",
  "102": "0",
  "103": ".",
  "104": "0",
  "105": "0",
  "106": "0",
  "107": "Z",
  "108": "\"",
  "109": ",",
  "110": "\"",
  "111": "t",
  "112": "y",
  "113": "p",
  "114": "e",
  "115": "\"",
  "116": ":",
  "117": "\"",
  "118": "e",
  "119": "x",
  "120": "p",
  "121": "e",
  "122": "n",
  "123": "s",
  "124": "e",
  "125": "\"",
  "126": ",",
  "127": "\"",
  "128": "c",
  "129": "a",
  "130": "t",
  "131": "e",
  "132": "g",
  "133": "o",
  "134": "r",
  "135": "y",
  "136": "\"",
  "137": ":",
  "138": "\"",
  "139": "1",
  "140": "2",
  "141": "3",
  "142": "\"",
  "143": ",",
  "144": "\"",
  "145": "a",
  "146": "m",
  "147": "o",
  "148": "u",
  "149": "n",
  "150": "t",
  "151": "\"",
  "152": ":",
  "153": "1",
  "154": "2",
  "155": "3",
  "156": ",",
  "157": "\"",
  "158": "i",
  "159": "s",
  "160": "P",
  "161": "a",
  "162": "i",
  "163": "d",
  "164": "\"",
  "165": ":",
  "166": "n",
  "167": "u",
  "168": "l",
  "169": "l",
  "170": ",",
  "171": "\"",
  "172": "d",
  "173": "u",
  "174": "e",
  "175": "D",
  "176": "a",
  "177": "t",
  "178": "e",
  "179": "\"",
  "180": ":",
  "181": "n",
  "182": "u",
  "183": "l",
  "184": "l",
  "185": ",",
  "186": "\"",
  "187": "_",
  "188": "i",
  "189": "d",
  "190": "\"",
  "191": ":",
  "192": "\"",
  "193": "6",
  "194": "6",
  "195": "d",
  "196": "b",
  "197": "9",
  "198": "7",
  "199": "1",
  "200": "4",
  "201": "6",
  "202": "5",
  "203": "d",
  "204": "1",
  "205": "0",
  "206": "1",
  "207": "a",
  "208": "4",
  "209": "4",
  "210": "1",
  "211": "8",
  "212": "e",
  "213": "c",
  "214": "9",
  "215": "8",
  "216": "c",
  "217": "\"",
  "218": ",",
  "219": "\"",
  "220": "c",
  "221": "r",
  "222": "e",
  "223": "a",
  "224": "t",
  "225": "e",
  "226": "d",
  "227": "A",
  "228": "t",
  "229": "\"",
  "230": ":",
  "231": "\"",
  "232": "2",
  "233": "0",
  "234": "2",
  "235": "4",
  "236": "-",
  "237": "0",
  "238": "9",
  "239": "-",
  "240": "0",
  "241": "6",
  "242": "T",
  "243": "2",
  "244": "3",
  "245": ":",
  "246": "5",
  "247": "8",
  "248": ":",
  "249": "1",
  "250": "2",
  "251": ".",
  "252": "3",
  "253": "6",
  "254": "7",
  "255": "Z",
  "256": "\"",
  "257": ",",
  "258": "\"",
  "259": "_",
  "260": "_",
  "261": "v",
  "262": "\"",
  "263": ":",
  "264": "0",
  "265": "}",
  "266": "}"
}
2024-09-06T23:58:12.376Z [info] : Number of WebSocket clients: 0 
2024-09-06T23:58:12.376Z [info] : Exiting broadcast function 
2024-09-06T23:58:12.376Z [info] : Broadcast completed 
2024-09-06T23:58:38.960Z [info] : WebSocket server initialized 
2024-09-06T23:58:39.134Z [info] : Connected to MongoDB 
2024-09-06T23:58:39.134Z [info] : Server running on port 5000 
2024-09-06T23:58:43.909Z [info] : About to broadcast new transaction 
2024-09-06T23:58:43.910Z [info] : Entering broadcast function 
2024-09-06T23:58:43.910Z [info] : Number of WebSocket clients: 0 
2024-09-06T23:58:43.910Z [info] : Exiting broadcast function 
2024-09-06T23:58:43.911Z [info] : Broadcast completed 
2024-09-07T00:01:16.190Z [info] : New WebSocket client connected 
2024-09-07T00:01:16.204Z [info] : New WebSocket client connected 
2024-09-07T00:01:16.220Z [info] : WebSocket client disconnected 
